c:\users\ashta\source\repos\rps33\rps33\x64\debug\vc143.pdb
c:\users\ashta\source\repos\rps33\rps33\x64\debug\.netframework,version=v4.8.assemblyattributes.obj
c:\users\ashta\source\repos\rps33\rps33\x64\debug\shakersort.obj
c:\users\ashta\source\repos\rps33\rps33\x64\debug\main.obj
c:\users\ashta\source\repos\rps33\rps33\x64\debug\database.obj
c:\users\ashta\source\repos\rps33\x64\debug\rps33.exe
c:\users\ashta\source\repos\rps33\x64\debug\rps33.pdb
c:\users\ashta\source\repos\rps33\rps33\x64\debug\rps33.tlog\cl.command.1.tlog
c:\users\ashta\source\repos\rps33\rps33\x64\debug\rps33.tlog\cl.items.tlog
c:\users\ashta\source\repos\rps33\rps33\x64\debug\rps33.tlog\cl.read.1.tlog
c:\users\ashta\source\repos\rps33\rps33\x64\debug\rps33.tlog\cl.write.1.tlog
c:\users\ashta\source\repos\rps33\rps33\x64\debug\rps33.tlog\link.command.1.tlog
c:\users\ashta\source\repos\rps33\rps33\x64\debug\rps33.tlog\link.read.1.tlog
c:\users\ashta\source\repos\rps33\rps33\x64\debug\rps33.tlog\link.secondary.1.tlog
c:\users\ashta\source\repos\rps33\rps33\x64\debug\rps33.tlog\link.write.1.tlog
c:\users\ashta\source\repos\rps33\rps33\x64\debug\rps33.tlog\metagen.read.1.tlog
c:\users\ashta\source\repos\rps33\rps33\x64\debug\rps33.tlog\metagen.write.1.tlog
c:\users\ashta\source\repos\rps33\rps33\x64\debug\rps33.tlog\resgen.command.1.tlog
c:\users\ashta\source\repos\rps33\rps33\x64\debug\rps33.tlog\resgen.read.1.tlog
c:\users\ashta\source\repos\rps33\rps33\x64\debug\rps33.tlog\resgen.write.1.tlog
